Determining if the pthread_create exist failed with the following output:
Change Dir: /home/ties/Documents/WorldOfRobots/Robots/robotsalgoritme/build/CMakeFiles/CMakeTmp

Run Build Command:"/usr/bin/make" "cmTC_b797d/fast"
/usr/bin/make -f CMakeFiles/cmTC_b797d.dir/build.make CMakeFiles/cmTC_b797d.dir/build
make[1]: Entering directory '/home/ties/Documents/WorldOfRobots/Robots/robotsalgoritme/build/CMakeFiles/CMakeTmp'
Building C object CMakeFiles/cmTC_b797d.dir/CheckSymbolExists.c.o
/usr/bin/cc    -o CMakeFiles/cmTC_b797d.dir/CheckSymbolExists.c.o   -c /home/ties/Documents/WorldOfRobots/Robots/robotsalgoritme/build/CMakeFiles/CMakeTmp/CheckSymbolExists.c
Linking C executable cmTC_b797d
/usr/local/bin/cmake -E cmake_link_script CMakeFiles/cmTC_b797d.dir/link.txt --verbose=1
/usr/bin/cc      -rdynamic CMakeFiles/cmTC_b797d.dir/CheckSymbolExists.c.o  -o cmTC_b797d 
CMakeFiles/cmTC_b797d.dir/CheckSymbolExists.c.o: In function `main':
CheckSymbolExists.c:(.text+0x16): undefined reference to `pthread_create'
collect2: error: ld returned 1 exit status
CMakeFiles/cmTC_b797d.dir/build.make:97: recipe for target 'cmTC_b797d' failed
make[1]: *** [cmTC_b797d] Error 1
make[1]: Leaving directory '/home/ties/Documents/WorldOfRobots/Robots/robotsalgoritme/build/CMakeFiles/CMakeTmp'
Makefile:126: recipe for target 'cmTC_b797d/fast' failed
make: *** [cmTC_b797d/fast] Error 2

File /home/ties/Documents/WorldOfRobots/Robots/robotsalgoritme/build/CMakeFiles/CMakeTmp/CheckSymbolExists.c:
/* */
#include <pthread.h>

int main(int argc, char** argv)
{
  (void)argv;
#ifndef pthread_create
  return ((int*)(&pthread_create))[argc];
#else
  (void)argc;
  return 0;
#endif
}

